{"C:\\Others\\proj\\ElectionEducationBot\\web\\src\\components\\ChatDrawer.tsx": {"path":"C:\\Others\\proj\\ElectionEducationBot\\web\\src\\components\\ChatDrawer.tsx","statementMap":{"0":{"start":{"line":18,"column":19},"end":{"line":23,"column":4}},"1":{"start":{"line":24,"column":16},"end":{"line":24,"column":40}},"2":{"start":{"line":25,"column":18},"end":{"line":25,"column":47}},"3":{"start":{"line":26,"column":8},"end":{"line":26,"column":48}},"4":{"start":{"line":28,"column":2},"end":{"line":30,"column":null}},"5":{"start":{"line":29,"column":4},"end":{"line":29,"column":null}},"6":{"start":{"line":32,"column":22},"end":{"line":55,"column":null}},"7":{"start":{"line":33,"column":17},"end":{"line":33,"column":29}},"8":{"start":{"line":34,"column":4},"end":{"line":34,"column":null}},"9":{"start":{"line":34,"column":26},"end":{"line":34,"column":null}},"10":{"start":{"line":36,"column":4},"end":{"line":36,"column":null}},"11":{"start":{"line":37,"column":4},"end":{"line":37,"column":null}},"12":{"start":{"line":37,"column":23},"end":{"line":37,"column":62}},"13":{"start":{"line":38,"column":4},"end":{"line":38,"column":null}},"14":{"start":{"line":40,"column":4},"end":{"line":55,"column":null}},"15":{"start":{"line":41,"column":18},"end":{"line":41,"column":38}},"16":{"start":{"line":42,"column":6},"end":{"line":45,"column":null}},"17":{"start":{"line":42,"column":25},"end":{"line":44,"column":null}},"18":{"start":{"line":47,"column":6},"end":{"line":53,"column":null}},"19":{"start":{"line":47,"column":25},"end":{"line":52,"column":null}},"20":{"start":{"line":55,"column":6},"end":{"line":55,"column":null}},"21":{"start":{"line":59,"column":2},"end":{"line":59,"column":null}},"22":{"start":{"line":59,"column":13},"end":{"line":59,"column":null}},"23":{"start":{"line":61,"column":2},"end":{"line":167,"column":null}},"24":{"start":{"line":85,"column":12},"end":{"line":121,"column":null}},"25":{"start":{"line":102,"column":22},"end":{"line":111,"column":null}},"26":{"start":{"line":143,"column":14},"end":{"line":143,"column":null}},"27":{"start":{"line":144,"column":14},"end":{"line":144,"column":null}},"28":{"start":{"line":151,"column":31},"end":{"line":151,"column":55}}},"fnMap":{"0":{"name":"ChatDrawer","decl":{"start":{"line":17,"column":16},"end":{"line":17,"column":27}},"loc":{"start":{"line":17,"column":63},"end":{"line":167,"column":null}},"line":17},"1":{"name":"(anonymous_1)","decl":{"start":{"line":28,"column":2},"end":{"line":28,"column":18}},"loc":{"start":{"line":28,"column":18},"end":{"line":30,"column":6}},"line":28},"2":{"name":"(anonymous_2)","decl":{"start":{"line":32,"column":22},"end":{"line":32,"column":34}},"loc":{"start":{"line":32,"column":34},"end":{"line":55,"column":null}},"line":32},"3":{"name":"(anonymous_3)","decl":{"start":{"line":37,"column":4},"end":{"line":37,"column":17}},"loc":{"start":{"line":37,"column":23},"end":{"line":37,"column":62}},"line":37},"4":{"name":"(anonymous_4)","decl":{"start":{"line":42,"column":6},"end":{"line":42,"column":19}},"loc":{"start":{"line":42,"column":25},"end":{"line":44,"column":null}},"line":42},"5":{"name":"(anonymous_5)","decl":{"start":{"line":47,"column":6},"end":{"line":47,"column":19}},"loc":{"start":{"line":47,"column":25},"end":{"line":52,"column":null}},"line":47},"6":{"name":"(anonymous_6)","decl":{"start":{"line":84,"column":20},"end":{"line":84,"column":25}},"loc":{"start":{"line":85,"column":12},"end":{"line":121,"column":null}},"line":85},"7":{"name":"(anonymous_7)","decl":{"start":{"line":101,"column":35},"end":{"line":101,"column":40}},"loc":{"start":{"line":102,"column":22},"end":{"line":111,"column":null}},"line":102},"8":{"name":"(anonymous_8)","decl":{"start":{"line":142,"column":12},"end":{"line":142,"column":23}},"loc":{"start":{"line":142,"column":29},"end":{"line":144,"column":null}},"line":142},"9":{"name":"(anonymous_9)","decl":{"start":{"line":151,"column":14},"end":{"line":151,"column":25}},"loc":{"start":{"line":151,"column":31},"end":{"line":151,"column":55}},"line":151}},"branchMap":{"0":{"loc":{"start":{"line":34,"column":4},"end":{"line":34,"column":null}},"type":"if","locations":[{"start":{"line":34,"column":4},"end":{"line":34,"column":null}},{"start":{},"end":{}}],"line":34},"1":{"loc":{"start":{"line":34,"column":8},"end":{"line":34,"column":26}},"type":"binary-expr","locations":[{"start":{"line":34,"column":8},"end":{"line":34,"column":17}},{"start":{"line":34,"column":17},"end":{"line":34,"column":26}}],"line":34},"2":{"loc":{"start":{"line":59,"column":2},"end":{"line":59,"column":null}},"type":"if","locations":[{"start":{"line":59,"column":2},"end":{"line":59,"column":null}},{"start":{},"end":{}}],"line":59},"3":{"loc":{"start":{"line":85,"column":50},"end":{"line":85,"column":null}},"type":"cond-expr","locations":[{"start":{"line":85,"column":72},"end":{"line":85,"column":88}},{"start":{"line":85,"column":88},"end":{"line":85,"column":null}}],"line":85},"4":{"loc":{"start":{"line":86,"column":15},"end":{"line":89,"column":null}},"type":"binary-expr","locations":[{"start":{"line":86,"column":15},"end":{"line":86,"column":null}},{"start":{"line":87,"column":16},"end":{"line":89,"column":null}}],"line":86},"5":{"loc":{"start":{"line":93,"column":18},"end":{"line":95,"column":null}},"type":"cond-expr","locations":[{"start":{"line":94,"column":22},"end":{"line":94,"column":null}},{"start":{"line":95,"column":22},"end":{"line":95,"column":null}}],"line":93},"6":{"loc":{"start":{"line":99,"column":17},"end":{"line":113,"column":null}},"type":"binary-expr","locations":[{"start":{"line":99,"column":17},"end":{"line":99,"column":34}},{"start":{"line":99,"column":34},"end":{"line":99,"column":null}},{"start":{"line":100,"column":18},"end":{"line":113,"column":null}}],"line":99},"7":{"loc":{"start":{"line":116,"column":15},"end":{"line":119,"column":null}},"type":"binary-expr","locations":[{"start":{"line":116,"column":15},"end":{"line":116,"column":null}},{"start":{"line":117,"column":16},"end":{"line":119,"column":null}}],"line":116},"8":{"loc":{"start":{"line":123,"column":11},"end":{"line":134,"column":null}},"type":"binary-expr","locations":[{"start":{"line":123,"column":11},"end":{"line":123,"column":null}},{"start":{"line":124,"column":12},"end":{"line":134,"column":null}}],"line":123},"9":{"loc":{"start":{"line":158,"column":24},"end":{"line":158,"column":48}},"type":"binary-expr","locations":[{"start":{"line":158,"column":24},"end":{"line":158,"column":35}},{"start":{"line":158,"column":35},"end":{"line":158,"column":48}}],"line":158}},"s":{"0":12,"1":12,"2":12,"3":12,"4":12,"5":10,"6":12,"7":2,"8":2,"9":0,"10":2,"11":2,"12":2,"13":2,"14":2,"15":2,"16":1,"17":1,"18":1,"19":1,"20":2,"21":12,"22":1,"23":11,"24":17,"25":1,"26":2,"27":2,"28":2},"f":{"0":12,"1":10,"2":2,"3":2,"4":1,"5":1,"6":17,"7":1,"8":2,"9":2},"b":{"0":[0,2],"1":[2,2],"2":[1,11],"3":[4,13],"4":[17,13],"5":[4,13],"6":[17,1,1],"7":[17,4],"8":[11,2],"9":[12,9]},"meta":{"lastBranch":10,"lastFunction":10,"lastStatement":29,"seen":{"f:17:16:17:27":0,"s:18:19:23:4":0,"s:24:16:24:40":1,"s:25:18:25:47":2,"s:26:8:26:48":3,"s:28:2:30:Infinity":4,"f:28:2:28:18":1,"s:29:4:29:Infinity":5,"s:32:22:55:Infinity":6,"f:32:22:32:34":2,"s:33:17:33:29":7,"b:34:4:34:Infinity:undefined:undefined:undefined:undefined":0,"s:34:4:34:Infinity":8,"b:34:8:34:17:34:17:34:26":1,"s:34:26:34:Infinity":9,"s:36:4:36:Infinity":10,"s:37:4:37:Infinity":11,"f:37:4:37:17":3,"s:37:23:37:62":12,"s:38:4:38:Infinity":13,"s:40:4:55:Infinity":14,"s:41:18:41:38":15,"s:42:6:45:Infinity":16,"f:42:6:42:19":4,"s:42:25:44:Infinity":17,"s:47:6:53:Infinity":18,"f:47:6:47:19":5,"s:47:25:52:Infinity":19,"s:55:6:55:Infinity":20,"b:59:2:59:Infinity:undefined:undefined:undefined:undefined":2,"s:59:2:59:Infinity":21,"s:59:13:59:Infinity":22,"s:61:2:167:Infinity":23,"f:84:20:84:25":6,"s:85:12:121:Infinity":24,"b:85:72:85:88:85:88:85:Infinity":3,"b:86:15:86:Infinity:87:16:89:Infinity":4,"b:94:22:94:Infinity:95:22:95:Infinity":5,"b:99:17:99:34:99:34:99:Infinity:100:18:113:Infinity":6,"f:101:35:101:40":7,"s:102:22:111:Infinity":25,"b:116:15:116:Infinity:117:16:119:Infinity":7,"b:123:11:123:Infinity:124:12:134:Infinity":8,"f:142:12:142:23":8,"s:143:14:143:Infinity":26,"s:144:14:144:Infinity":27,"f:151:14:151:25":9,"s:151:31:151:55":28,"b:158:24:158:35:158:35:158:48":9}}}
,"C:\\Others\\proj\\ElectionEducationBot\\web\\src\\components\\Navbar.tsx": {"path":"C:\\Others\\proj\\ElectionEducationBot\\web\\src\\components\\Navbar.tsx","statementMap":{"0":{"start":{"line":8,"column":18},"end":{"line":17,"column":null}},"1":{"start":{"line":24,"column":21},"end":{"line":24,"column":53}},"2":{"start":{"line":25,"column":10},"end":{"line":25,"column":36}},"3":{"start":{"line":27,"column":2},"end":{"line":116,"column":null}},"4":{"start":{"line":43,"column":27},"end":{"line":43,"column":null}},"5":{"start":{"line":44,"column":29},"end":{"line":44,"column":101}},"6":{"start":{"line":45,"column":14},"end":{"line":57,"column":null}},"7":{"start":{"line":76,"column":29},"end":{"line":76,"column":55}},"8":{"start":{"line":87,"column":98},"end":{"line":87,"column":118}},"9":{"start":{"line":90,"column":28},"end":{"line":90,"column":47}},"10":{"start":{"line":94,"column":29},"end":{"line":94,"column":null}},"11":{"start":{"line":95,"column":31},"end":{"line":95,"column":null}},"12":{"start":{"line":96,"column":16},"end":{"line":109,"column":null}},"13":{"start":{"line":100,"column":35},"end":{"line":100,"column":55}}},"fnMap":{"0":{"name":"Navbar","decl":{"start":{"line":23,"column":16},"end":{"line":23,"column":23}},"loc":{"start":{"line":23,"column":54},"end":{"line":116,"column":null}},"line":23},"1":{"name":"(anonymous_1)","decl":{"start":{"line":42,"column":23},"end":{"line":42,"column":28}},"loc":{"start":{"line":42,"column":37},"end":{"line":57,"column":null}},"line":42},"2":{"name":"(anonymous_2)","decl":{"start":{"line":76,"column":14},"end":{"line":76,"column":29}},"loc":{"start":{"line":76,"column":29},"end":{"line":76,"column":55}},"line":76},"3":{"name":"(anonymous_3)","decl":{"start":{"line":87,"column":83},"end":{"line":87,"column":98}},"loc":{"start":{"line":87,"column":98},"end":{"line":87,"column":118}},"line":87},"4":{"name":"(anonymous_4)","decl":{"start":{"line":90,"column":12},"end":{"line":90,"column":22}},"loc":{"start":{"line":90,"column":28},"end":{"line":90,"column":47}},"line":90},"5":{"name":"(anonymous_5)","decl":{"start":{"line":93,"column":25},"end":{"line":93,"column":30}},"loc":{"start":{"line":93,"column":39},"end":{"line":109,"column":null}},"line":93},"6":{"name":"(anonymous_6)","decl":{"start":{"line":100,"column":20},"end":{"line":100,"column":35}},"loc":{"start":{"line":100,"column":35},"end":{"line":100,"column":55}},"line":100}},"branchMap":{"0":{"loc":{"start":{"line":44,"column":29},"end":{"line":44,"column":101}},"type":"binary-expr","locations":[{"start":{"line":44,"column":29},"end":{"line":44,"column":54}},{"start":{"line":44,"column":54},"end":{"line":44,"column":73}},{"start":{"line":44,"column":73},"end":{"line":44,"column":101}}],"line":44},"1":{"loc":{"start":{"line":50,"column":20},"end":{"line":52,"column":null}},"type":"cond-expr","locations":[{"start":{"line":51,"column":24},"end":{"line":51,"column":null}},{"start":{"line":52,"column":24},"end":{"line":52,"column":null}}],"line":50},"2":{"loc":{"start":{"line":79,"column":15},"end":{"line":79,"column":null}},"type":"cond-expr","locations":[{"start":{"line":79,"column":28},"end":{"line":79,"column":57}},{"start":{"line":79,"column":56},"end":{"line":79,"column":null}}],"line":79},"3":{"loc":{"start":{"line":86,"column":7},"end":{"line":116,"column":null}},"type":"binary-expr","locations":[{"start":{"line":86,"column":7},"end":{"line":86,"column":null}},{"start":{"line":87,"column":8},"end":{"line":116,"column":null}}],"line":86},"4":{"loc":{"start":{"line":102,"column":22},"end":{"line":104,"column":null}},"type":"cond-expr","locations":[{"start":{"line":103,"column":26},"end":{"line":103,"column":null}},{"start":{"line":104,"column":26},"end":{"line":104,"column":null}}],"line":102}},"s":{"0":1,"1":5,"2":5,"3":5,"4":40,"5":40,"6":40,"7":1,"8":0,"9":0,"10":8,"11":8,"12":8,"13":0},"f":{"0":5,"1":40,"2":1,"3":0,"4":0,"5":8,"6":0},"b":{"0":[40,35,34],"1":[5,35],"2":[1,4],"3":[5,1],"4":[1,7]},"meta":{"lastBranch":5,"lastFunction":7,"lastStatement":14,"seen":{"s:8:18:17:Infinity":0,"f:23:16:23:23":0,"s:24:21:24:53":1,"s:25:10:25:36":2,"s:27:2:116:Infinity":3,"f:42:23:42:28":1,"s:43:27:43:Infinity":4,"s:44:29:44:101":5,"b:44:29:44:54:44:54:44:73:44:73:44:101":0,"s:45:14:57:Infinity":6,"b:51:24:51:Infinity:52:24:52:Infinity":1,"f:76:14:76:29":2,"s:76:29:76:55":7,"b:79:28:79:57:79:56:79:Infinity":2,"b:86:7:86:Infinity:87:8:116:Infinity":3,"f:87:83:87:98":3,"s:87:98:87:118":8,"f:90:12:90:22":4,"s:90:28:90:47":9,"f:93:25:93:30":5,"s:94:29:94:Infinity":10,"s:95:31:95:Infinity":11,"s:96:16:109:Infinity":12,"f:100:20:100:35":6,"s:100:35:100:55":13,"b:103:26:103:Infinity:104:26:104:Infinity":4}}}
,"C:\\Others\\proj\\ElectionEducationBot\\web\\src\\lib\\api.ts": {"path":"C:\\Others\\proj\\ElectionEducationBot\\web\\src\\lib\\api.ts","statementMap":{"0":{"start":{"line":5,"column":13},"end":{"line":5,"column":null}},"1":{"start":{"line":8,"column":14},"end":{"line":11,"column":4}},"2":{"start":{"line":12,"column":2},"end":{"line":12,"column":null}},"3":{"start":{"line":12,"column":15},"end":{"line":12,"column":null}},"4":{"start":{"line":13,"column":2},"end":{"line":13,"column":null}},"5":{"start":{"line":95,"column":19},"end":{"line":129,"column":null}},"6":{"start":{"line":97,"column":4},"end":{"line":100,"column":6}},"7":{"start":{"line":102,"column":18},"end":{"line":102,"column":54}},"8":{"start":{"line":104,"column":22},"end":{"line":104,"column":54}},"9":{"start":{"line":106,"column":33},"end":{"line":106,"column":71}},"10":{"start":{"line":108,"column":18},"end":{"line":108,"column":54}},"11":{"start":{"line":110,"column":34},"end":{"line":110,"column":76}},"12":{"start":{"line":113,"column":4},"end":{"line":116,"column":6}},"13":{"start":{"line":119,"column":4},"end":{"line":122,"column":6}},"14":{"start":{"line":124,"column":17},"end":{"line":124,"column":63}},"15":{"start":{"line":126,"column":26},"end":{"line":126,"column":115}},"16":{"start":{"line":128,"column":16},"end":{"line":128,"column":null}}},"fnMap":{"0":{"name":"request","decl":{"start":{"line":7,"column":15},"end":{"line":7,"column":26}},"loc":{"start":{"line":7,"column":72},"end":{"line":13,"column":null}},"line":7},"1":{"name":"(anonymous_1)","decl":{"start":{"line":96,"column":2},"end":{"line":96,"column":9}},"loc":{"start":{"line":97,"column":4},"end":{"line":100,"column":6}},"line":97},"2":{"name":"(anonymous_2)","decl":{"start":{"line":102,"column":2},"end":{"line":102,"column":18}},"loc":{"start":{"line":102,"column":18},"end":{"line":102,"column":54}},"line":102},"3":{"name":"(anonymous_3)","decl":{"start":{"line":104,"column":2},"end":{"line":104,"column":22}},"loc":{"start":{"line":104,"column":22},"end":{"line":104,"column":54}},"line":104},"4":{"name":"(anonymous_4)","decl":{"start":{"line":106,"column":2},"end":{"line":106,"column":16}},"loc":{"start":{"line":106,"column":33},"end":{"line":106,"column":71}},"line":106},"5":{"name":"(anonymous_5)","decl":{"start":{"line":108,"column":2},"end":{"line":108,"column":18}},"loc":{"start":{"line":108,"column":18},"end":{"line":108,"column":54}},"line":108},"6":{"name":"(anonymous_6)","decl":{"start":{"line":110,"column":2},"end":{"line":110,"column":17}},"loc":{"start":{"line":110,"column":34},"end":{"line":110,"column":76}},"line":110},"7":{"name":"(anonymous_7)","decl":{"start":{"line":112,"column":2},"end":{"line":112,"column":9}},"loc":{"start":{"line":113,"column":4},"end":{"line":116,"column":6}},"line":113},"8":{"name":"(anonymous_8)","decl":{"start":{"line":118,"column":2},"end":{"line":118,"column":16}},"loc":{"start":{"line":119,"column":4},"end":{"line":122,"column":6}},"line":119},"9":{"name":"(anonymous_9)","decl":{"start":{"line":124,"column":2},"end":{"line":124,"column":17}},"loc":{"start":{"line":124,"column":17},"end":{"line":124,"column":63}},"line":124},"10":{"name":"(anonymous_10)","decl":{"start":{"line":126,"column":2},"end":{"line":126,"column":12}},"loc":{"start":{"line":126,"column":26},"end":{"line":126,"column":115}},"line":126},"11":{"name":"(anonymous_11)","decl":{"start":{"line":128,"column":2},"end":{"line":128,"column":16}},"loc":{"start":{"line":128,"column":16},"end":{"line":128,"column":null}},"line":128}},"branchMap":{"0":{"loc":{"start":{"line":5,"column":13},"end":{"line":5,"column":null}},"type":"binary-expr","locations":[{"start":{"line":5,"column":13},"end":{"line":5,"column":45}},{"start":{"line":5,"column":45},"end":{"line":5,"column":null}}],"line":5},"1":{"loc":{"start":{"line":12,"column":2},"end":{"line":12,"column":null}},"type":"if","locations":[{"start":{"line":12,"column":2},"end":{"line":12,"column":null}},{"start":{},"end":{}}],"line":12},"2":{"loc":{"start":{"line":96,"column":26},"end":{"line":96,"column":null}},"type":"default-arg","locations":[{"start":{"line":96,"column":35},"end":{"line":96,"column":null}}],"line":96},"3":{"loc":{"start":{"line":112,"column":24},"end":{"line":112,"column":47}},"type":"default-arg","locations":[{"start":{"line":112,"column":37},"end":{"line":112,"column":47}}],"line":112},"4":{"loc":{"start":{"line":112,"column":47},"end":{"line":112,"column":58}},"type":"default-arg","locations":[{"start":{"line":112,"column":55},"end":{"line":112,"column":58}}],"line":112},"5":{"loc":{"start":{"line":112,"column":58},"end":{"line":112,"column":null}},"type":"default-arg","locations":[{"start":{"line":112,"column":67},"end":{"line":112,"column":null}}],"line":112},"6":{"loc":{"start":{"line":118,"column":29},"end":{"line":118,"column":53}},"type":"default-arg","locations":[{"start":{"line":118,"column":43},"end":{"line":118,"column":53}}],"line":118},"7":{"loc":{"start":{"line":118,"column":53},"end":{"line":118,"column":null}},"type":"default-arg","locations":[{"start":{"line":118,"column":64},"end":{"line":118,"column":null}}],"line":118}},"s":{"0":2,"1":14,"2":13,"3":13,"4":12,"5":2,"6":1,"7":1,"8":3,"9":1,"10":1,"11":1,"12":1,"13":1,"14":1,"15":1,"16":2},"f":{"0":14,"1":1,"2":1,"3":3,"4":1,"5":1,"6":1,"7":1,"8":1,"9":1,"10":1,"11":2},"b":{"0":[2,2],"1":[1,12],"2":[1],"3":[1],"4":[1],"5":[1],"6":[1],"7":[1]},"meta":{"lastBranch":8,"lastFunction":12,"lastStatement":17,"seen":{"s:5:13:5:Infinity":0,"b:5:13:5:45:5:45:5:Infinity":0,"f:7:15:7:26":0,"s:8:14:11:4":1,"b:12:2:12:Infinity:undefined:undefined:undefined:undefined":1,"s:12:2:12:Infinity":2,"s:12:15:12:Infinity":3,"s:13:2:13:Infinity":4,"s:95:19:129:Infinity":5,"f:96:2:96:9":1,"s:97:4:100:6":6,"b:96:35:96:Infinity":2,"f:102:2:102:18":2,"s:102:18:102:54":7,"f:104:2:104:22":3,"s:104:22:104:54":8,"f:106:2:106:16":4,"s:106:33:106:71":9,"f:108:2:108:18":5,"s:108:18:108:54":10,"f:110:2:110:17":6,"s:110:34:110:76":11,"f:112:2:112:9":7,"s:113:4:116:6":12,"b:112:37:112:47":3,"b:112:55:112:58":4,"b:112:67:112:Infinity":5,"f:118:2:118:16":8,"s:119:4:122:6":13,"b:118:43:118:53":6,"b:118:64:118:Infinity":7,"f:124:2:124:17":9,"s:124:17:124:63":14,"f:126:2:126:12":10,"s:126:26:126:115":15,"f:128:2:128:16":11,"s:128:16:128:Infinity":16}}}
,"C:\\Others\\proj\\ElectionEducationBot\\web\\src\\pages\\EligibilityPage.tsx": {"path":"C:\\Others\\proj\\ElectionEducationBot\\web\\src\\pages\\EligibilityPage.tsx","statementMap":{"0":{"start":{"line":7,"column":14},"end":{"line":7,"column":36}},"1":{"start":{"line":8,"column":22},"end":{"line":8,"column":58}},"2":{"start":{"line":9,"column":18},"end":{"line":9,"column":47}},"3":{"start":{"line":10,"column":17},"end":{"line":10,"column":70}},"4":{"start":{"line":11,"column":18},"end":{"line":11,"column":47}},"5":{"start":{"line":13,"column":16},"end":{"line":21,"column":null}},"6":{"start":{"line":14,"column":14},"end":{"line":14,"column":27}},"7":{"start":{"line":15,"column":4},"end":{"line":15,"column":null}},"8":{"start":{"line":15,"column":38},"end":{"line":15,"column":null}},"9":{"start":{"line":16,"column":4},"end":{"line":16,"column":null}},"10":{"start":{"line":17,"column":4},"end":{"line":21,"column":null}},"11":{"start":{"line":18,"column":16},"end":{"line":18,"column":62}},"12":{"start":{"line":19,"column":6},"end":{"line":19,"column":null}},"13":{"start":{"line":20,"column":14},"end":{"line":20,"column":null}},"14":{"start":{"line":21,"column":14},"end":{"line":21,"column":null}},"15":{"start":{"line":24,"column":2},"end":{"line":79,"column":null}},"16":{"start":{"line":38,"column":58},"end":{"line":38,"column":80}},"17":{"start":{"line":44,"column":53},"end":{"line":44,"column":83}},"18":{"start":{"line":52,"column":76},"end":{"line":52,"column":104}},"19":{"start":{"line":75,"column":18},"end":{"line":77,"column":null}}},"fnMap":{"0":{"name":"EligibilityPage","decl":{"start":{"line":6,"column":24},"end":{"line":6,"column":42}},"loc":{"start":{"line":6,"column":42},"end":{"line":79,"column":null}},"line":6},"1":{"name":"(anonymous_1)","decl":{"start":{"line":13,"column":16},"end":{"line":13,"column":28}},"loc":{"start":{"line":13,"column":28},"end":{"line":21,"column":null}},"line":13},"2":{"name":"(anonymous_2)","decl":{"start":{"line":38,"column":43},"end":{"line":38,"column":53}},"loc":{"start":{"line":38,"column":58},"end":{"line":38,"column":80}},"line":38},"3":{"name":"(anonymous_3)","decl":{"start":{"line":44,"column":38},"end":{"line":44,"column":48}},"loc":{"start":{"line":44,"column":53},"end":{"line":44,"column":83}},"line":44},"4":{"name":"(anonymous_4)","decl":{"start":{"line":52,"column":61},"end":{"line":52,"column":71}},"loc":{"start":{"line":52,"column":76},"end":{"line":52,"column":104}},"line":52},"5":{"name":"(anonymous_5)","decl":{"start":{"line":74,"column":35},"end":{"line":74,"column":40}},"loc":{"start":{"line":75,"column":18},"end":{"line":77,"column":null}},"line":75}},"branchMap":{"0":{"loc":{"start":{"line":15,"column":4},"end":{"line":15,"column":null}},"type":"if","locations":[{"start":{"line":15,"column":4},"end":{"line":15,"column":null}},{"start":{},"end":{}}],"line":15},"1":{"loc":{"start":{"line":15,"column":8},"end":{"line":15,"column":38}},"type":"binary-expr","locations":[{"start":{"line":15,"column":8},"end":{"line":15,"column":16}},{"start":{"line":15,"column":20},"end":{"line":15,"column":29}},{"start":{"line":15,"column":29},"end":{"line":15,"column":38}}],"line":15},"2":{"loc":{"start":{"line":57,"column":42},"end":{"line":57,"column":null}},"type":"binary-expr","locations":[{"start":{"line":57,"column":42},"end":{"line":57,"column":53}},{"start":{"line":57,"column":53},"end":{"line":57,"column":null}}],"line":57},"3":{"loc":{"start":{"line":59,"column":11},"end":{"line":59,"column":null}},"type":"cond-expr","locations":[{"start":{"line":59,"column":21},"end":{"line":59,"column":70}},{"start":{"line":59,"column":68},"end":{"line":59,"column":null}}],"line":59},"4":{"loc":{"start":{"line":63,"column":7},"end":{"line":79,"column":null}},"type":"binary-expr","locations":[{"start":{"line":63,"column":7},"end":{"line":63,"column":null}},{"start":{"line":64,"column":8},"end":{"line":79,"column":null}}],"line":63},"5":{"loc":{"start":{"line":64,"column":59},"end":{"line":64,"column":null}},"type":"cond-expr","locations":[{"start":{"line":64,"column":77},"end":{"line":64,"column":101}},{"start":{"line":64,"column":101},"end":{"line":64,"column":null}}],"line":64},"6":{"loc":{"start":{"line":66,"column":13},"end":{"line":67,"column":13}},"type":"cond-expr","locations":[{"start":{"line":66,"column":31},"end":{"line":66,"column":86}},{"start":{"line":66,"column":85},"end":{"line":67,"column":13}}],"line":66},"7":{"loc":{"start":{"line":67,"column":47},"end":{"line":67,"column":111}},"type":"cond-expr","locations":[{"start":{"line":67,"column":65},"end":{"line":67,"column":89}},{"start":{"line":67,"column":89},"end":{"line":67,"column":111}}],"line":67},"8":{"loc":{"start":{"line":70,"column":11},"end":{"line":79,"column":null}},"type":"binary-expr","locations":[{"start":{"line":70,"column":11},"end":{"line":70,"column":null}},{"start":{"line":71,"column":12},"end":{"line":79,"column":null}}],"line":70}},"s":{"0":18,"1":18,"2":18,"3":18,"4":18,"5":18,"6":4,"7":4,"8":1,"9":3,"10":3,"11":3,"12":2,"13":1,"14":3,"15":18,"16":5,"17":1,"18":1,"19":3},"f":{"0":18,"1":4,"2":5,"3":1,"4":1,"5":3},"b":{"0":[1,3],"1":[4,4,4],"2":[18,15],"3":[3,15],"4":[18,2],"5":[1,1],"6":[1,1],"7":[1,1],"8":[2,2]},"meta":{"lastBranch":9,"lastFunction":6,"lastStatement":20,"seen":{"f:6:24:6:42":0,"s:7:14:7:36":0,"s:8:22:8:58":1,"s:9:18:9:47":2,"s:10:17:10:70":3,"s:11:18:11:47":4,"s:13:16:21:Infinity":5,"f:13:16:13:28":1,"s:14:14:14:27":6,"b:15:4:15:Infinity:undefined:undefined:undefined:undefined":0,"s:15:4:15:Infinity":7,"b:15:8:15:16:15:20:15:29:15:29:15:38":1,"s:15:38:15:Infinity":8,"s:16:4:16:Infinity":9,"s:17:4:21:Infinity":10,"s:18:16:18:62":11,"s:19:6:19:Infinity":12,"s:20:14:20:Infinity":13,"s:21:14:21:Infinity":14,"s:24:2:79:Infinity":15,"f:38:43:38:53":2,"s:38:58:38:80":16,"f:44:38:44:48":3,"s:44:53:44:83":17,"f:52:61:52:71":4,"s:52:76:52:104":18,"b:57:42:57:53:57:53:57:Infinity":2,"b:59:21:59:70:59:68:59:Infinity":3,"b:63:7:63:Infinity:64:8:79:Infinity":4,"b:64:77:64:101:64:101:64:Infinity":5,"b:66:31:66:86:66:85:67:13":6,"b:67:65:67:89:67:89:67:111":7,"b:70:11:70:Infinity:71:12:79:Infinity":8,"f:74:35:74:40":5,"s:75:18:77:Infinity":19}}}
,"C:\\Others\\proj\\ElectionEducationBot\\web\\src\\pages\\GlossaryPage.tsx": {"path":"C:\\Others\\proj\\ElectionEducationBot\\web\\src\\pages\\GlossaryPage.tsx","statementMap":{"0":{"start":{"line":7,"column":16},"end":{"line":7,"column":56}},"1":{"start":{"line":8,"column":18},"end":{"line":8,"column":46}},"2":{"start":{"line":9,"column":17},"end":{"line":9,"column":42}},"3":{"start":{"line":10,"column":19},"end":{"line":10,"column":63}},"4":{"start":{"line":12,"column":2},"end":{"line":14,"column":null}},"5":{"start":{"line":13,"column":4},"end":{"line":13,"column":null}},"6":{"start":{"line":13,"column":46},"end":{"line":13,"column":58}},"7":{"start":{"line":13,"column":74},"end":{"line":13,"column":91}},"8":{"start":{"line":16,"column":19},"end":{"line":18,"column":null}},"9":{"start":{"line":17,"column":4},"end":{"line":18,"column":64}},"10":{"start":{"line":21,"column":2},"end":{"line":62,"column":null}},"11":{"start":{"line":34,"column":57},"end":{"line":34,"column":82}},"12":{"start":{"line":43,"column":12},"end":{"line":60,"column":null}},"13":{"start":{"line":44,"column":37},"end":{"line":44,"column":85}}},"fnMap":{"0":{"name":"GlossaryPage","decl":{"start":{"line":6,"column":24},"end":{"line":6,"column":39}},"loc":{"start":{"line":6,"column":39},"end":{"line":62,"column":null}},"line":6},"1":{"name":"(anonymous_1)","decl":{"start":{"line":12,"column":2},"end":{"line":12,"column":18}},"loc":{"start":{"line":12,"column":18},"end":{"line":14,"column":7}},"line":12},"2":{"name":"(anonymous_2)","decl":{"start":{"line":13,"column":34},"end":{"line":13,"column":46}},"loc":{"start":{"line":13,"column":46},"end":{"line":13,"column":58}},"line":13},"3":{"name":"(anonymous_3)","decl":{"start":{"line":13,"column":60},"end":{"line":13,"column":74}},"loc":{"start":{"line":13,"column":74},"end":{"line":13,"column":91}},"line":13},"4":{"name":"(anonymous_4)","decl":{"start":{"line":16,"column":25},"end":{"line":16,"column":32}},"loc":{"start":{"line":17,"column":4},"end":{"line":18,"column":64}},"line":17},"5":{"name":"(anonymous_5)","decl":{"start":{"line":34,"column":42},"end":{"line":34,"column":52}},"loc":{"start":{"line":34,"column":57},"end":{"line":34,"column":82}},"line":34},"6":{"name":"(anonymous_6)","decl":{"start":{"line":42,"column":20},"end":{"line":42,"column":25}},"loc":{"start":{"line":43,"column":12},"end":{"line":60,"column":null}},"line":43},"7":{"name":"(anonymous_7)","decl":{"start":{"line":44,"column":22},"end":{"line":44,"column":37}},"loc":{"start":{"line":44,"column":37},"end":{"line":44,"column":85}},"line":44}},"branchMap":{"0":{"loc":{"start":{"line":17,"column":4},"end":{"line":18,"column":64}},"type":"binary-expr","locations":[{"start":{"line":17,"column":4},"end":{"line":17,"column":55}},{"start":{"line":18,"column":4},"end":{"line":18,"column":64}}],"line":17},"1":{"loc":{"start":{"line":38,"column":7},"end":{"line":62,"column":null}},"type":"cond-expr","locations":[{"start":{"line":39,"column":8},"end":{"line":41,"column":9}},{"start":{"line":41,"column":8},"end":{"line":62,"column":null}}],"line":38},"2":{"loc":{"start":{"line":44,"column":49},"end":{"line":44,"column":85}},"type":"cond-expr","locations":[{"start":{"line":44,"column":71},"end":{"line":44,"column":78}},{"start":{"line":44,"column":78},"end":{"line":44,"column":85}}],"line":44},"3":{"loc":{"start":{"line":47,"column":79},"end":{"line":47,"column":122}},"type":"cond-expr","locations":[{"start":{"line":47,"column":101},"end":{"line":47,"column":116}},{"start":{"line":47,"column":116},"end":{"line":47,"column":122}}],"line":47},"4":{"loc":{"start":{"line":49,"column":15},"end":{"line":55,"column":null}},"type":"binary-expr","locations":[{"start":{"line":49,"column":15},"end":{"line":49,"column":null}},{"start":{"line":50,"column":16},"end":{"line":55,"column":null}}],"line":49},"5":{"loc":{"start":{"line":52,"column":19},"end":{"line":55,"column":null}},"type":"binary-expr","locations":[{"start":{"line":52,"column":19},"end":{"line":52,"column":null}},{"start":{"line":53,"column":20},"end":{"line":55,"column":null}}],"line":52},"6":{"loc":{"start":{"line":62,"column":11},"end":{"line":62,"column":null}},"type":"binary-expr","locations":[{"start":{"line":62,"column":11},"end":{"line":62,"column":36}},{"start":{"line":62,"column":36},"end":{"line":62,"column":null}}],"line":62}},"s":{"0":10,"1":10,"2":10,"3":10,"4":10,"5":3,"6":0,"7":3,"8":10,"9":14,"10":10,"11":2,"12":11,"13":2},"f":{"0":10,"1":3,"2":0,"3":3,"4":14,"5":2,"6":11,"7":2},"b":{"0":[14,4],"1":[3,7],"2":[1,1],"3":[1,10],"4":[11,1],"5":[1,1],"6":[7,1]},"meta":{"lastBranch":7,"lastFunction":8,"lastStatement":14,"seen":{"f:6:24:6:39":0,"s:7:16:7:56":0,"s:8:18:8:46":1,"s:9:17:9:42":2,"s:10:19:10:63":3,"s:12:2:14:Infinity":4,"f:12:2:12:18":1,"s:13:4:13:Infinity":5,"f:13:34:13:46":2,"s:13:46:13:58":6,"f:13:60:13:74":3,"s:13:74:13:91":7,"s:16:19:18:Infinity":8,"f:16:25:16:32":4,"s:17:4:18:64":9,"b:17:4:17:55:18:4:18:64":0,"s:21:2:62:Infinity":10,"f:34:42:34:52":5,"s:34:57:34:82":11,"b:39:8:41:9:41:8:62:Infinity":1,"f:42:20:42:25":6,"s:43:12:60:Infinity":12,"f:44:22:44:37":7,"s:44:37:44:85":13,"b:44:71:44:78:44:78:44:85":2,"b:47:101:47:116:47:116:47:122":3,"b:49:15:49:Infinity:50:16:55:Infinity":4,"b:52:19:52:Infinity:53:20:55:Infinity":5,"b:62:11:62:36:62:36:62:Infinity":6}}}
,"C:\\Others\\proj\\ElectionEducationBot\\web\\src\\pages\\HomePage.tsx": {"path":"C:\\Others\\proj\\ElectionEducationBot\\web\\src\\pages\\HomePage.tsx","statementMap":{"0":{"start":{"line":7,"column":17},"end":{"line":15,"column":null}},"1":{"start":{"line":18,"column":2},"end":{"line":105,"column":null}},"2":{"start":{"line":56,"column":25},"end":{"line":56,"column":null}},"3":{"start":{"line":57,"column":12},"end":{"line":72,"column":null}},"4":{"start":{"line":88,"column":14},"end":{"line":91,"column":null}}},"fnMap":{"0":{"name":"HomePage","decl":{"start":{"line":17,"column":24},"end":{"line":17,"column":35}},"loc":{"start":{"line":17,"column":35},"end":{"line":105,"column":null}},"line":17},"1":{"name":"(anonymous_1)","decl":{"start":{"line":55,"column":20},"end":{"line":55,"column":25}},"loc":{"start":{"line":55,"column":34},"end":{"line":72,"column":null}},"line":55},"2":{"name":"(anonymous_2)","decl":{"start":{"line":87,"column":14},"end":{"line":87,"column":19}},"loc":{"start":{"line":88,"column":14},"end":{"line":91,"column":null}},"line":88}},"branchMap":{},"s":{"0":1,"1":3,"2":21,"3":21,"4":12},"f":{"0":3,"1":21,"2":12},"b":{},"meta":{"lastBranch":0,"lastFunction":3,"lastStatement":5,"seen":{"s:7:17:15:Infinity":0,"f:17:24:17:35":0,"s:18:2:105:Infinity":1,"f:55:20:55:25":1,"s:56:25:56:Infinity":2,"s:57:12:72:Infinity":3,"f:87:14:87:19":2,"s:88:14:91:Infinity":4}}}
,"C:\\Others\\proj\\ElectionEducationBot\\web\\src\\pages\\LearnDetailPage.tsx": {"path":"C:\\Others\\proj\\ElectionEducationBot\\web\\src\\pages\\LearnDetailPage.tsx","statementMap":{"0":{"start":{"line":8,"column":10},"end":{"line":8,"column":48}},"1":{"start":{"line":9,"column":14},"end":{"line":9,"column":58}},"2":{"start":{"line":10,"column":18},"end":{"line":10,"column":46}},"3":{"start":{"line":11,"column":15},"end":{"line":11,"column":58}},"4":{"start":{"line":13,"column":2},"end":{"line":15,"column":null}},"5":{"start":{"line":14,"column":4},"end":{"line":14,"column":null}},"6":{"start":{"line":14,"column":14},"end":{"line":14,"column":null}},"7":{"start":{"line":14,"column":61},"end":{"line":14,"column":73}},"8":{"start":{"line":14,"column":89},"end":{"line":14,"column":106}},"9":{"start":{"line":17,"column":8},"end":{"line":26,"column":null}},"10":{"start":{"line":18,"column":4},"end":{"line":26,"column":null}},"11":{"start":{"line":19,"column":16},"end":{"line":19,"column":29}},"12":{"start":{"line":20,"column":6},"end":{"line":23,"column":null}},"13":{"start":{"line":21,"column":8},"end":{"line":21,"column":null}},"14":{"start":{"line":23,"column":8},"end":{"line":23,"column":null}},"15":{"start":{"line":25,"column":6},"end":{"line":25,"column":null}},"16":{"start":{"line":29,"column":2},"end":{"line":29,"column":null}},"17":{"start":{"line":29,"column":15},"end":{"line":29,"column":null}},"18":{"start":{"line":30,"column":2},"end":{"line":30,"column":null}},"19":{"start":{"line":30,"column":12},"end":{"line":30,"column":null}},"20":{"start":{"line":32,"column":2},"end":{"line":65,"column":null}},"21":{"start":{"line":46,"column":10},"end":{"line":63,"column":null}},"22":{"start":{"line":48,"column":37},"end":{"line":48,"column":55}}},"fnMap":{"0":{"name":"LearnDetailPage","decl":{"start":{"line":7,"column":24},"end":{"line":7,"column":42}},"loc":{"start":{"line":7,"column":42},"end":{"line":65,"column":null}},"line":7},"1":{"name":"(anonymous_1)","decl":{"start":{"line":13,"column":2},"end":{"line":13,"column":18}},"loc":{"start":{"line":13,"column":18},"end":{"line":15,"column":6}},"line":13},"2":{"name":"(anonymous_2)","decl":{"start":{"line":14,"column":49},"end":{"line":14,"column":61}},"loc":{"start":{"line":14,"column":61},"end":{"line":14,"column":73}},"line":14},"3":{"name":"(anonymous_3)","decl":{"start":{"line":14,"column":75},"end":{"line":14,"column":89}},"loc":{"start":{"line":14,"column":89},"end":{"line":14,"column":106}},"line":14},"4":{"name":"(anonymous_4)","decl":{"start":{"line":17,"column":8},"end":{"line":17,"column":18}},"loc":{"start":{"line":17,"column":36},"end":{"line":26,"column":null}},"line":17},"5":{"name":"(anonymous_5)","decl":{"start":{"line":18,"column":4},"end":{"line":18,"column":12}},"loc":{"start":{"line":18,"column":20},"end":{"line":26,"column":null}},"line":18},"6":{"name":"(anonymous_6)","decl":{"start":{"line":45,"column":20},"end":{"line":45,"column":25}},"loc":{"start":{"line":46,"column":10},"end":{"line":63,"column":null}},"line":46},"7":{"name":"(anonymous_7)","decl":{"start":{"line":48,"column":22},"end":{"line":48,"column":37}},"loc":{"start":{"line":48,"column":37},"end":{"line":48,"column":55}},"line":48}},"branchMap":{"0":{"loc":{"start":{"line":14,"column":4},"end":{"line":14,"column":null}},"type":"if","locations":[{"start":{"line":14,"column":4},"end":{"line":14,"column":null}},{"start":{},"end":{}}],"line":14},"1":{"loc":{"start":{"line":20,"column":6},"end":{"line":23,"column":null}},"type":"if","locations":[{"start":{"line":20,"column":6},"end":{"line":23,"column":null}},{"start":{"line":22,"column":13},"end":{"line":23,"column":null}}],"line":20},"2":{"loc":{"start":{"line":29,"column":2},"end":{"line":29,"column":null}},"type":"if","locations":[{"start":{"line":29,"column":2},"end":{"line":29,"column":null}},{"start":{},"end":{}}],"line":29},"3":{"loc":{"start":{"line":30,"column":2},"end":{"line":30,"column":null}},"type":"if","locations":[{"start":{"line":30,"column":2},"end":{"line":30,"column":null}},{"start":{},"end":{}}],"line":30},"4":{"loc":{"start":{"line":49,"column":133},"end":{"line":49,"column":null}},"type":"cond-expr","locations":[{"start":{"line":49,"column":156},"end":{"line":49,"column":199}},{"start":{"line":49,"column":199},"end":{"line":49,"column":null}}],"line":49},"5":{"loc":{"start":{"line":50,"column":17},"end":{"line":50,"column":null}},"type":"cond-expr","locations":[{"start":{"line":50,"column":40},"end":{"line":50,"column":84}},{"start":{"line":50,"column":79},"end":{"line":50,"column":null}}],"line":50},"6":{"loc":{"start":{"line":54,"column":17},"end":{"line":54,"column":null}},"type":"binary-expr","locations":[{"start":{"line":54,"column":17},"end":{"line":54,"column":29}},{"start":{"line":54,"column":29},"end":{"line":54,"column":null}}],"line":54},"7":{"loc":{"start":{"line":56,"column":17},"end":{"line":58,"column":null}},"type":"binary-expr","locations":[{"start":{"line":56,"column":17},"end":{"line":56,"column":null}},{"start":{"line":57,"column":18},"end":{"line":58,"column":null}}],"line":56}},"s":{"0":8,"1":8,"2":8,"3":8,"4":8,"5":3,"6":3,"7":1,"8":3,"9":8,"10":2,"11":2,"12":2,"13":1,"14":1,"15":2,"16":8,"17":3,"18":5,"19":5,"20":4,"21":8,"22":2},"f":{"0":8,"1":3,"2":1,"3":3,"4":2,"5":2,"6":8,"7":2},"b":{"0":[3,0],"1":[1,1],"2":[3,5],"3":[1,4],"4":[1,7],"5":[1,7],"6":[8,8],"7":[8,4]},"meta":{"lastBranch":8,"lastFunction":8,"lastStatement":23,"seen":{"f:7:24:7:42":0,"s:8:10:8:48":0,"s:9:14:9:58":1,"s:10:18:10:46":2,"s:11:15:11:58":3,"s:13:2:15:Infinity":4,"f:13:2:13:18":1,"b:14:4:14:Infinity:undefined:undefined:undefined:undefined":0,"s:14:4:14:Infinity":5,"s:14:14:14:Infinity":6,"f:14:49:14:61":2,"s:14:61:14:73":7,"f:14:75:14:89":3,"s:14:89:14:106":8,"s:17:8:26:Infinity":9,"f:17:8:17:18":4,"s:18:4:26:Infinity":10,"f:18:4:18:12":5,"s:19:16:19:29":11,"b:20:6:23:Infinity:22:13:23:Infinity":1,"s:20:6:23:Infinity":12,"s:21:8:21:Infinity":13,"s:23:8:23:Infinity":14,"s:25:6:25:Infinity":15,"b:29:2:29:Infinity:undefined:undefined:undefined:undefined":2,"s:29:2:29:Infinity":16,"s:29:15:29:Infinity":17,"b:30:2:30:Infinity:undefined:undefined:undefined:undefined":3,"s:30:2:30:Infinity":18,"s:30:12:30:Infinity":19,"s:32:2:65:Infinity":20,"f:45:20:45:25":6,"s:46:10:63:Infinity":21,"f:48:22:48:37":7,"s:48:37:48:55":22,"b:49:156:49:199:49:199:49:Infinity":4,"b:50:40:50:84:50:79:50:Infinity":5,"b:54:17:54:29:54:29:54:Infinity":6,"b:56:17:56:Infinity:57:18:58:Infinity":7}}}
,"C:\\Others\\proj\\ElectionEducationBot\\web\\src\\pages\\LearnPage.tsx": {"path":"C:\\Others\\proj\\ElectionEducationBot\\web\\src\\pages\\LearnPage.tsx","statementMap":{"0":{"start":{"line":8,"column":18},"end":{"line":8,"column":59}},"1":{"start":{"line":9,"column":18},"end":{"line":9,"column":46}},"2":{"start":{"line":11,"column":2},"end":{"line":13,"column":null}},"3":{"start":{"line":12,"column":4},"end":{"line":12,"column":null}},"4":{"start":{"line":12,"column":52},"end":{"line":12,"column":66}},"5":{"start":{"line":12,"column":82},"end":{"line":12,"column":99}},"6":{"start":{"line":15,"column":2},"end":{"line":42,"column":null}},"7":{"start":{"line":31,"column":12},"end":{"line":40,"column":null}}},"fnMap":{"0":{"name":"LearnPage","decl":{"start":{"line":7,"column":24},"end":{"line":7,"column":36}},"loc":{"start":{"line":7,"column":36},"end":{"line":42,"column":null}},"line":7},"1":{"name":"(anonymous_1)","decl":{"start":{"line":11,"column":2},"end":{"line":11,"column":18}},"loc":{"start":{"line":11,"column":18},"end":{"line":13,"column":7}},"line":11},"2":{"name":"(anonymous_2)","decl":{"start":{"line":12,"column":40},"end":{"line":12,"column":52}},"loc":{"start":{"line":12,"column":52},"end":{"line":12,"column":66}},"line":12},"3":{"name":"(anonymous_3)","decl":{"start":{"line":12,"column":68},"end":{"line":12,"column":82}},"loc":{"start":{"line":12,"column":82},"end":{"line":12,"column":99}},"line":12},"4":{"name":"(anonymous_4)","decl":{"start":{"line":30,"column":19},"end":{"line":30,"column":24}},"loc":{"start":{"line":31,"column":12},"end":{"line":40,"column":null}},"line":31}},"branchMap":{"0":{"loc":{"start":{"line":26,"column":7},"end":{"line":42,"column":null}},"type":"cond-expr","locations":[{"start":{"line":27,"column":8},"end":{"line":29,"column":9}},{"start":{"line":29,"column":8},"end":{"line":42,"column":null}}],"line":26}},"s":{"0":4,"1":4,"2":4,"3":2,"4":1,"5":2,"6":4,"7":1},"f":{"0":4,"1":2,"2":1,"3":2,"4":1},"b":{"0":[2,2]},"meta":{"lastBranch":1,"lastFunction":5,"lastStatement":8,"seen":{"f:7:24:7:36":0,"s:8:18:8:59":0,"s:9:18:9:46":1,"s:11:2:13:Infinity":2,"f:11:2:11:18":1,"s:12:4:12:Infinity":3,"f:12:40:12:52":2,"s:12:52:12:66":4,"f:12:68:12:82":3,"s:12:82:12:99":5,"s:15:2:42:Infinity":6,"b:27:8:29:9:29:8:42:Infinity":0,"f:30:19:30:24":4,"s:31:12:40:Infinity":7}}}
,"C:\\Others\\proj\\ElectionEducationBot\\web\\src\\pages\\PollingStationPage.tsx": {"path":"C:\\Others\\proj\\ElectionEducationBot\\web\\src\\pages\\PollingStationPage.tsx","statementMap":{"0":{"start":{"line":6,"column":16},"end":{"line":6,"column":40}},"1":{"start":{"line":7,"column":17},"end":{"line":7,"column":94}},"2":{"start":{"line":9,"column":17},"end":{"line":15,"column":null}},"3":{"start":{"line":10,"column":4},"end":{"line":10,"column":null}},"4":{"start":{"line":10,"column":23},"end":{"line":10,"column":null}},"5":{"start":{"line":11,"column":4},"end":{"line":15,"column":null}},"6":{"start":{"line":12,"column":18},"end":{"line":12,"column":42}},"7":{"start":{"line":13,"column":6},"end":{"line":13,"column":null}},"8":{"start":{"line":15,"column":6},"end":{"line":15,"column":null}},"9":{"start":{"line":19,"column":2},"end":{"line":60,"column":null}},"10":{"start":{"line":32,"column":58},"end":{"line":32,"column":82}},"11":{"start":{"line":33,"column":28},"end":{"line":33,"column":57}}},"fnMap":{"0":{"name":"PollingStationPage","decl":{"start":{"line":5,"column":24},"end":{"line":5,"column":45}},"loc":{"start":{"line":5,"column":45},"end":{"line":60,"column":null}},"line":5},"1":{"name":"(anonymous_1)","decl":{"start":{"line":9,"column":17},"end":{"line":9,"column":29}},"loc":{"start":{"line":9,"column":29},"end":{"line":15,"column":null}},"line":9},"2":{"name":"(anonymous_2)","decl":{"start":{"line":32,"column":43},"end":{"line":32,"column":53}},"loc":{"start":{"line":32,"column":58},"end":{"line":32,"column":82}},"line":32},"3":{"name":"(anonymous_3)","decl":{"start":{"line":33,"column":12},"end":{"line":33,"column":23}},"loc":{"start":{"line":33,"column":28},"end":{"line":33,"column":57}},"line":33}},"branchMap":{"0":{"loc":{"start":{"line":10,"column":4},"end":{"line":10,"column":null}},"type":"if","locations":[{"start":{"line":10,"column":4},"end":{"line":10,"column":null}},{"start":{},"end":{}}],"line":10},"1":{"loc":{"start":{"line":33,"column":28},"end":{"line":33,"column":57}},"type":"binary-expr","locations":[{"start":{"line":33,"column":28},"end":{"line":33,"column":49}},{"start":{"line":33,"column":49},"end":{"line":33,"column":57}}],"line":33},"2":{"loc":{"start":{"line":43,"column":7},"end":{"line":49,"column":null}},"type":"binary-expr","locations":[{"start":{"line":43,"column":7},"end":{"line":43,"column":null}},{"start":{"line":44,"column":8},"end":{"line":49,"column":null}}],"line":43},"3":{"loc":{"start":{"line":46,"column":11},"end":{"line":49,"column":null}},"type":"binary-expr","locations":[{"start":{"line":46,"column":11},"end":{"line":46,"column":null}},{"start":{"line":47,"column":12},"end":{"line":49,"column":null}}],"line":46}},"s":{"0":11,"1":11,"2":11,"3":4,"4":1,"5":3,"6":3,"7":2,"8":1,"9":11,"10":3,"11":1},"f":{"0":11,"1":4,"2":3,"3":1},"b":{"0":[1,3],"1":[1,1],"2":[11,3],"3":[3,1]},"meta":{"lastBranch":4,"lastFunction":4,"lastStatement":12,"seen":{"f:5:24:5:45":0,"s:6:16:6:40":0,"s:7:17:7:94":1,"s:9:17:15:Infinity":2,"f:9:17:9:29":1,"b:10:4:10:Infinity:undefined:undefined:undefined:undefined":0,"s:10:4:10:Infinity":3,"s:10:23:10:Infinity":4,"s:11:4:15:Infinity":5,"s:12:18:12:42":6,"s:13:6:13:Infinity":7,"s:15:6:15:Infinity":8,"s:19:2:60:Infinity":9,"f:32:43:32:53":2,"s:32:58:32:82":10,"f:33:12:33:23":3,"s:33:28:33:57":11,"b:33:28:33:49:33:49:33:57":1,"b:43:7:43:Infinity:44:8:49:Infinity":2,"b:46:11:46:Infinity:47:12:49:Infinity":3}}}
,"C:\\Others\\proj\\ElectionEducationBot\\web\\src\\pages\\QuizPage.tsx": {"path":"C:\\Others\\proj\\ElectionEducationBot\\web\\src\\pages\\QuizPage.tsx","statementMap":{"0":{"start":{"line":6,"column":15},"end":{"line":6,"column":null}},"1":{"start":{"line":9,"column":16},"end":{"line":9,"column":47}},"2":{"start":{"line":10,"column":20},"end":{"line":10,"column":64}},"3":{"start":{"line":11,"column":18},"end":{"line":11,"column":43}},"4":{"start":{"line":12,"column":19},"end":{"line":12,"column":63}},"5":{"start":{"line":13,"column":16},"end":{"line":13,"column":39}},"6":{"start":{"line":14,"column":19},"end":{"line":14,"column":49}},"7":{"start":{"line":15,"column":18},"end":{"line":15,"column":47}},"8":{"start":{"line":16,"column":18},"end":{"line":16,"column":47}},"9":{"start":{"line":18,"column":20},"end":{"line":25,"column":null}},"10":{"start":{"line":19,"column":4},"end":{"line":19,"column":null}},"11":{"start":{"line":20,"column":4},"end":{"line":25,"column":null}},"12":{"start":{"line":21,"column":18},"end":{"line":21,"column":39}},"13":{"start":{"line":22,"column":6},"end":{"line":22,"column":null}},"14":{"start":{"line":23,"column":6},"end":{"line":23,"column":21}},"15":{"start":{"line":23,"column":21},"end":{"line":23,"column":34}},"16":{"start":{"line":23,"column":34},"end":{"line":23,"column":53}},"17":{"start":{"line":23,"column":53},"end":{"line":23,"column":73}},"18":{"start":{"line":23,"column":73},"end":{"line":23,"column":null}},"19":{"start":{"line":25,"column":14},"end":{"line":25,"column":null}},"20":{"start":{"line":28,"column":8},"end":{"line":31,"column":null}},"21":{"start":{"line":29,"column":4},"end":{"line":29,"column":null}},"22":{"start":{"line":29,"column":18},"end":{"line":29,"column":null}},"23":{"start":{"line":30,"column":4},"end":{"line":30,"column":null}},"24":{"start":{"line":31,"column":4},"end":{"line":31,"column":null}},"25":{"start":{"line":31,"column":46},"end":{"line":31,"column":null}},"26":{"start":{"line":31,"column":60},"end":{"line":31,"column":66}},"27":{"start":{"line":34,"column":8},"end":{"line":37,"column":null}},"28":{"start":{"line":35,"column":4},"end":{"line":35,"column":null}},"29":{"start":{"line":35,"column":43},"end":{"line":35,"column":62}},"30":{"start":{"line":35,"column":62},"end":{"line":35,"column":null}},"31":{"start":{"line":36,"column":4},"end":{"line":36,"column":null}},"32":{"start":{"line":36,"column":20},"end":{"line":36,"column":26}},"33":{"start":{"line":37,"column":4},"end":{"line":37,"column":null}},"34":{"start":{"line":40,"column":2},"end":{"line":63,"column":null}},"35":{"start":{"line":41,"column":4},"end":{"line":63,"column":null}},"36":{"start":{"line":54,"column":14},"end":{"line":57,"column":null}},"37":{"start":{"line":54,"column":45},"end":{"line":54,"column":56}},"38":{"start":{"line":69,"column":2},"end":{"line":83,"column":null}},"39":{"start":{"line":70,"column":16},"end":{"line":70,"column":60}},"40":{"start":{"line":71,"column":4},"end":{"line":83,"column":null}},"41":{"start":{"line":78,"column":35},"end":{"line":78,"column":54}},"42":{"start":{"line":78,"column":54},"end":{"line":78,"column":null}},"43":{"start":{"line":87,"column":12},"end":{"line":87,"column":null}},"44":{"start":{"line":88,"column":2},"end":{"line":119,"column":null}},"45":{"start":{"line":101,"column":22},"end":{"line":101,"column":null}},"46":{"start":{"line":102,"column":12},"end":{"line":104,"column":null}},"47":{"start":{"line":103,"column":14},"end":{"line":104,"column":null}},"48":{"start":{"line":103,"column":41},"end":{"line":103,"column":null}},"49":{"start":{"line":104,"column":23},"end":{"line":104,"column":null}},"50":{"start":{"line":104,"column":45},"end":{"line":104,"column":null}},"51":{"start":{"line":106,"column":12},"end":{"line":112,"column":null}},"52":{"start":{"line":107,"column":51},"end":{"line":107,"column":66}}},"fnMap":{"0":{"name":"QuizPage","decl":{"start":{"line":8,"column":24},"end":{"line":8,"column":35}},"loc":{"start":{"line":8,"column":35},"end":{"line":119,"column":null}},"line":8},"1":{"name":"(anonymous_1)","decl":{"start":{"line":18,"column":20},"end":{"line":18,"column":32}},"loc":{"start":{"line":18,"column":32},"end":{"line":25,"column":null}},"line":18},"2":{"name":"(anonymous_2)","decl":{"start":{"line":28,"column":8},"end":{"line":28,"column":18}},"loc":{"start":{"line":28,"column":36},"end":{"line":31,"column":null}},"line":28},"3":{"name":"(anonymous_3)","decl":{"start":{"line":31,"column":46},"end":{"line":31,"column":55}},"loc":{"start":{"line":31,"column":60},"end":{"line":31,"column":66}},"line":31},"4":{"name":"(anonymous_4)","decl":{"start":{"line":34,"column":8},"end":{"line":34,"column":21}},"loc":{"start":{"line":34,"column":21},"end":{"line":37,"column":null}},"line":34},"5":{"name":"(anonymous_5)","decl":{"start":{"line":36,"column":4},"end":{"line":36,"column":15}},"loc":{"start":{"line":36,"column":20},"end":{"line":36,"column":26}},"line":36},"6":{"name":"(anonymous_6)","decl":{"start":{"line":53,"column":20},"end":{"line":53,"column":24}},"loc":{"start":{"line":54,"column":14},"end":{"line":57,"column":null}},"line":54},"7":{"name":"(anonymous_7)","decl":{"start":{"line":54,"column":30},"end":{"line":54,"column":45}},"loc":{"start":{"line":54,"column":45},"end":{"line":54,"column":56}},"line":54},"8":{"name":"(anonymous_8)","decl":{"start":{"line":78,"column":18},"end":{"line":78,"column":33}},"loc":{"start":{"line":78,"column":33},"end":{"line":78,"column":null}},"line":78},"9":{"name":"(anonymous_9)","decl":{"start":{"line":100,"column":21},"end":{"line":100,"column":25}},"loc":{"start":{"line":100,"column":30},"end":{"line":112,"column":null}},"line":100},"10":{"name":"(anonymous_10)","decl":{"start":{"line":107,"column":36},"end":{"line":107,"column":51}},"loc":{"start":{"line":107,"column":51},"end":{"line":107,"column":66}},"line":107}},"branchMap":{"0":{"loc":{"start":{"line":29,"column":4},"end":{"line":29,"column":null}},"type":"if","locations":[{"start":{"line":29,"column":4},"end":{"line":29,"column":null}},{"start":{},"end":{}}],"line":29},"1":{"loc":{"start":{"line":31,"column":4},"end":{"line":31,"column":null}},"type":"if","locations":[{"start":{"line":31,"column":4},"end":{"line":31,"column":null}},{"start":{},"end":{}}],"line":31},"2":{"loc":{"start":{"line":35,"column":4},"end":{"line":35,"column":null}},"type":"if","locations":[{"start":{"line":35,"column":4},"end":{"line":35,"column":null}},{"start":{},"end":{}}],"line":35},"3":{"loc":{"start":{"line":40,"column":2},"end":{"line":63,"column":null}},"type":"if","locations":[{"start":{"line":40,"column":2},"end":{"line":63,"column":null}},{"start":{},"end":{}}],"line":40},"4":{"loc":{"start":{"line":55,"column":86},"end":{"line":55,"column":null}},"type":"cond-expr","locations":[{"start":{"line":55,"column":100},"end":{"line":55,"column":146}},{"start":{"line":55,"column":146},"end":{"line":55,"column":null}}],"line":55},"5":{"loc":{"start":{"line":62,"column":13},"end":{"line":62,"column":null}},"type":"cond-expr","locations":[{"start":{"line":62,"column":23},"end":{"line":62,"column":72}},{"start":{"line":62,"column":70},"end":{"line":62,"column":null}}],"line":62},"6":{"loc":{"start":{"line":69,"column":2},"end":{"line":83,"column":null}},"type":"if","locations":[{"start":{"line":69,"column":2},"end":{"line":83,"column":null}},{"start":{},"end":{}}],"line":69},"7":{"loc":{"start":{"line":74,"column":37},"end":{"line":74,"column":86}},"type":"cond-expr","locations":[{"start":{"line":74,"column":49},"end":{"line":74,"column":56}},{"start":{"line":74,"column":56},"end":{"line":74,"column":86}}],"line":74},"8":{"loc":{"start":{"line":74,"column":56},"end":{"line":74,"column":86}},"type":"cond-expr","locations":[{"start":{"line":74,"column":68},"end":{"line":74,"column":75}},{"start":{"line":74,"column":75},"end":{"line":74,"column":86}}],"line":74},"9":{"loc":{"start":{"line":77,"column":48},"end":{"line":77,"column":191}},"type":"cond-expr","locations":[{"start":{"line":77,"column":60},"end":{"line":77,"column":100}},{"start":{"line":77,"column":100},"end":{"line":77,"column":191}}],"line":77},"10":{"loc":{"start":{"line":77,"column":100},"end":{"line":77,"column":191}},"type":"cond-expr","locations":[{"start":{"line":77,"column":112},"end":{"line":77,"column":144}},{"start":{"line":77,"column":144},"end":{"line":77,"column":191}}],"line":77},"11":{"loc":{"start":{"line":102,"column":12},"end":{"line":104,"column":null}},"type":"if","locations":[{"start":{"line":102,"column":12},"end":{"line":104,"column":null}},{"start":{},"end":{}}],"line":102},"12":{"loc":{"start":{"line":103,"column":14},"end":{"line":104,"column":null}},"type":"if","locations":[{"start":{"line":103,"column":14},"end":{"line":104,"column":null}},{"start":{"line":104,"column":23},"end":{"line":104,"column":null}}],"line":103},"13":{"loc":{"start":{"line":104,"column":23},"end":{"line":104,"column":null}},"type":"if","locations":[{"start":{"line":104,"column":23},"end":{"line":104,"column":null}},{"start":{},"end":{}}],"line":104},"14":{"loc":{"start":{"line":110,"column":17},"end":{"line":110,"column":null}},"type":"binary-expr","locations":[{"start":{"line":110,"column":17},"end":{"line":110,"column":29}},{"start":{"line":110,"column":29},"end":{"line":110,"column":54}},{"start":{"line":110,"column":54},"end":{"line":110,"column":null}}],"line":110},"15":{"loc":{"start":{"line":111,"column":17},"end":{"line":111,"column":null}},"type":"binary-expr","locations":[{"start":{"line":111,"column":17},"end":{"line":111,"column":29}},{"start":{"line":111,"column":29},"end":{"line":111,"column":53}},{"start":{"line":111,"column":53},"end":{"line":111,"column":78}},{"start":{"line":111,"column":78},"end":{"line":111,"column":null}}],"line":111},"16":{"loc":{"start":{"line":116,"column":9},"end":{"line":116,"column":null}},"type":"binary-expr","locations":[{"start":{"line":116,"column":9},"end":{"line":116,"column":21}},{"start":{"line":116,"column":21},"end":{"line":116,"column":38}},{"start":{"line":116,"column":38},"end":{"line":116,"column":null}}],"line":116},"17":{"loc":{"start":{"line":117,"column":9},"end":{"line":119,"column":null}},"type":"binary-expr","locations":[{"start":{"line":117,"column":9},"end":{"line":117,"column":null}},{"start":{"line":118,"column":10},"end":{"line":119,"column":null}}],"line":117},"18":{"loc":{"start":{"line":119,"column":13},"end":{"line":119,"column":79}},"type":"cond-expr","locations":[{"start":{"line":119,"column":47},"end":{"line":119,"column":63}},{"start":{"line":119,"column":63},"end":{"line":119,"column":79}}],"line":119}},"s":{"0":1,"1":13,"2":13,"3":13,"4":13,"5":13,"6":13,"7":13,"8":13,"9":13,"10":2,"11":2,"12":2,"13":1,"14":1,"15":1,"16":1,"17":1,"18":1,"19":2,"20":13,"21":2,"22":0,"23":2,"24":2,"25":1,"26":1,"27":13,"28":2,"29":1,"30":1,"31":1,"32":1,"33":1,"34":13,"35":8,"36":40,"37":1,"38":5,"39":1,"40":1,"41":1,"42":1,"43":4,"44":4,"45":16,"46":16,"47":8,"48":2,"49":6,"50":1,"51":16,"52":2},"f":{"0":13,"1":2,"2":2,"3":1,"4":2,"5":1,"6":40,"7":1,"8":1,"9":16,"10":2},"b":{"0":[0,2],"1":[1,1],"2":[1,1],"3":[8,5],"4":[8,32],"5":[2,6],"6":[1,4],"7":[0,1],"8":[1,0],"9":[0,1],"10":[1,0],"11":[8,8],"12":[2,6],"13":[1,5],"14":[16,8,2],"15":[16,8,2,1],"16":[4,2,2],"17":[13,2],"18":[1,1]},"meta":{"lastBranch":19,"lastFunction":11,"lastStatement":53,"seen":{"s:6:15:6:Infinity":0,"f:8:24:8:35":0,"s:9:16:9:47":1,"s:10:20:10:64":2,"s:11:18:11:43":3,"s:12:19:12:63":4,"s:13:16:13:39":5,"s:14:19:14:49":6,"s:15:18:15:47":7,"s:16:18:16:47":8,"s:18:20:25:Infinity":9,"f:18:20:18:32":1,"s:19:4:19:Infinity":10,"s:20:4:25:Infinity":11,"s:21:18:21:39":12,"s:22:6:22:Infinity":13,"s:23:6:23:21":14,"s:23:21:23:34":15,"s:23:34:23:53":16,"s:23:53:23:73":17,"s:23:73:23:Infinity":18,"s:25:14:25:Infinity":19,"s:28:8:31:Infinity":20,"f:28:8:28:18":2,"b:29:4:29:Infinity:undefined:undefined:undefined:undefined":0,"s:29:4:29:Infinity":21,"s:29:18:29:Infinity":22,"s:30:4:30:Infinity":23,"b:31:4:31:Infinity:undefined:undefined:undefined:undefined":1,"s:31:4:31:Infinity":24,"s:31:46:31:Infinity":25,"f:31:46:31:55":3,"s:31:60:31:66":26,"s:34:8:37:Infinity":27,"f:34:8:34:21":4,"b:35:4:35:Infinity:undefined:undefined:undefined:undefined":2,"s:35:4:35:Infinity":28,"s:35:43:35:62":29,"s:35:62:35:Infinity":30,"s:36:4:36:Infinity":31,"f:36:4:36:15":5,"s:36:20:36:26":32,"s:37:4:37:Infinity":33,"b:40:2:63:Infinity:undefined:undefined:undefined:undefined":3,"s:40:2:63:Infinity":34,"s:41:4:63:Infinity":35,"f:53:20:53:24":6,"s:54:14:57:Infinity":36,"f:54:30:54:45":7,"s:54:45:54:56":37,"b:55:100:55:146:55:146:55:Infinity":4,"b:62:23:62:72:62:70:62:Infinity":5,"b:69:2:83:Infinity:undefined:undefined:undefined:undefined":6,"s:69:2:83:Infinity":38,"s:70:16:70:60":39,"s:71:4:83:Infinity":40,"b:74:49:74:56:74:56:74:86":7,"b:74:68:74:75:74:75:74:86":8,"b:77:60:77:100:77:100:77:191":9,"b:77:112:77:144:77:144:77:191":10,"f:78:18:78:33":8,"s:78:35:78:54":41,"s:78:54:78:Infinity":42,"s:87:12:87:Infinity":43,"s:88:2:119:Infinity":44,"f:100:21:100:25":9,"s:101:22:101:Infinity":45,"b:102:12:104:Infinity:undefined:undefined:undefined:undefined":11,"s:102:12:104:Infinity":46,"b:103:14:104:Infinity:104:23:104:Infinity":12,"s:103:14:104:Infinity":47,"s:103:41:103:Infinity":48,"b:104:23:104:Infinity:undefined:undefined:undefined:undefined":13,"s:104:23:104:Infinity":49,"s:104:45:104:Infinity":50,"s:106:12:112:Infinity":51,"f:107:36:107:51":10,"s:107:51:107:66":52,"b:110:17:110:29:110:29:110:54:110:54:110:Infinity":14,"b:111:17:111:29:111:29:111:53:111:53:111:78:111:78:111:Infinity":15,"b:116:9:116:21:116:21:116:38:116:38:116:Infinity":16,"b:117:9:117:Infinity:118:10:119:Infinity":17,"b:119:47:119:63:119:63:119:79":18}}}
,"C:\\Others\\proj\\ElectionEducationBot\\web\\src\\pages\\SourcesPage.tsx": {"path":"C:\\Others\\proj\\ElectionEducationBot\\web\\src\\pages\\SourcesPage.tsx","statementMap":{"0":{"start":{"line":6,"column":46},"end":{"line":11,"column":null}},"1":{"start":{"line":14,"column":18},"end":{"line":14,"column":58}},"2":{"start":{"line":15,"column":18},"end":{"line":15,"column":46}},"3":{"start":{"line":17,"column":2},"end":{"line":19,"column":null}},"4":{"start":{"line":18,"column":4},"end":{"line":18,"column":null}},"5":{"start":{"line":18,"column":28},"end":{"line":18,"column":49}},"6":{"start":{"line":18,"column":63},"end":{"line":18,"column":77}},"7":{"start":{"line":18,"column":93},"end":{"line":18,"column":110}},"8":{"start":{"line":21,"column":2},"end":{"line":59,"column":null}},"9":{"start":{"line":36,"column":12},"end":{"line":57,"column":null}}},"fnMap":{"0":{"name":"SourcesPage","decl":{"start":{"line":13,"column":24},"end":{"line":13,"column":38}},"loc":{"start":{"line":13,"column":38},"end":{"line":59,"column":null}},"line":13},"1":{"name":"(anonymous_1)","decl":{"start":{"line":17,"column":2},"end":{"line":17,"column":18}},"loc":{"start":{"line":17,"column":18},"end":{"line":19,"column":7}},"line":17},"2":{"name":"(anonymous_2)","decl":{"start":{"line":18,"column":18},"end":{"line":18,"column":23}},"loc":{"start":{"line":18,"column":28},"end":{"line":18,"column":49}},"line":18},"3":{"name":"(anonymous_3)","decl":{"start":{"line":18,"column":51},"end":{"line":18,"column":63}},"loc":{"start":{"line":18,"column":63},"end":{"line":18,"column":77}},"line":18},"4":{"name":"(anonymous_4)","decl":{"start":{"line":18,"column":79},"end":{"line":18,"column":93}},"loc":{"start":{"line":18,"column":93},"end":{"line":18,"column":110}},"line":18},"5":{"name":"(anonymous_5)","decl":{"start":{"line":35,"column":19},"end":{"line":35,"column":24}},"loc":{"start":{"line":36,"column":12},"end":{"line":57,"column":null}},"line":36}},"branchMap":{"0":{"loc":{"start":{"line":31,"column":7},"end":{"line":59,"column":null}},"type":"cond-expr","locations":[{"start":{"line":32,"column":8},"end":{"line":34,"column":9}},{"start":{"line":34,"column":8},"end":{"line":59,"column":null}}],"line":31},"1":{"loc":{"start":{"line":42,"column":85},"end":{"line":42,"column":null}},"type":"binary-expr","locations":[{"start":{"line":42,"column":85},"end":{"line":42,"column":112}},{"start":{"line":42,"column":112},"end":{"line":42,"column":null}}],"line":42},"2":{"loc":{"start":{"line":45,"column":21},"end":{"line":47,"column":null}},"type":"binary-expr","locations":[{"start":{"line":45,"column":21},"end":{"line":45,"column":null}},{"start":{"line":46,"column":22},"end":{"line":47,"column":null}}],"line":45}},"s":{"0":1,"1":4,"2":4,"3":4,"4":2,"5":1,"6":1,"7":2,"8":4,"9":1},"f":{"0":4,"1":2,"2":1,"3":1,"4":2,"5":1},"b":{"0":[2,2],"1":[1,0],"2":[1,0]},"meta":{"lastBranch":3,"lastFunction":6,"lastStatement":10,"seen":{"s:6:46:11:Infinity":0,"f:13:24:13:38":0,"s:14:18:14:58":1,"s:15:18:15:46":2,"s:17:2:19:Infinity":3,"f:17:2:17:18":1,"s:18:4:18:Infinity":4,"f:18:18:18:23":2,"s:18:28:18:49":5,"f:18:51:18:63":3,"s:18:63:18:77":6,"f:18:79:18:93":4,"s:18:93:18:110":7,"s:21:2:59:Infinity":8,"b:32:8:34:9:34:8:59:Infinity":0,"f:35:19:35:24":5,"s:36:12:57:Infinity":9,"b:42:85:42:112:42:112:42:Infinity":1,"b:45:21:45:Infinity:46:22:47:Infinity":2}}}
,"C:\\Others\\proj\\ElectionEducationBot\\web\\src\\pages\\TimelinePage.tsx": {"path":"C:\\Others\\proj\\ElectionEducationBot\\web\\src\\pages\\TimelinePage.tsx","statementMap":{"0":{"start":{"line":7,"column":16},"end":{"line":7,"column":56}},"1":{"start":{"line":8,"column":18},"end":{"line":8,"column":46}},"2":{"start":{"line":10,"column":2},"end":{"line":12,"column":null}},"3":{"start":{"line":11,"column":4},"end":{"line":11,"column":null}},"4":{"start":{"line":11,"column":46},"end":{"line":11,"column":58}},"5":{"start":{"line":11,"column":74},"end":{"line":11,"column":91}},"6":{"start":{"line":14,"column":2},"end":{"line":64,"column":null}},"7":{"start":{"line":36,"column":14},"end":{"line":62,"column":null}}},"fnMap":{"0":{"name":"TimelinePage","decl":{"start":{"line":6,"column":24},"end":{"line":6,"column":39}},"loc":{"start":{"line":6,"column":39},"end":{"line":64,"column":null}},"line":6},"1":{"name":"(anonymous_1)","decl":{"start":{"line":10,"column":2},"end":{"line":10,"column":18}},"loc":{"start":{"line":10,"column":18},"end":{"line":12,"column":7}},"line":10},"2":{"name":"(anonymous_2)","decl":{"start":{"line":11,"column":34},"end":{"line":11,"column":46}},"loc":{"start":{"line":11,"column":46},"end":{"line":11,"column":58}},"line":11},"3":{"name":"(anonymous_3)","decl":{"start":{"line":11,"column":60},"end":{"line":11,"column":74}},"loc":{"start":{"line":11,"column":74},"end":{"line":11,"column":91}},"line":11},"4":{"name":"(anonymous_4)","decl":{"start":{"line":35,"column":19},"end":{"line":35,"column":24}},"loc":{"start":{"line":36,"column":14},"end":{"line":62,"column":null}},"line":36}},"branchMap":{"0":{"loc":{"start":{"line":25,"column":7},"end":{"line":64,"column":null}},"type":"cond-expr","locations":[{"start":{"line":26,"column":8},"end":{"line":30,"column":9}},{"start":{"line":30,"column":8},"end":{"line":64,"column":null}}],"line":25},"1":{"loc":{"start":{"line":47,"column":22},"end":{"line":49,"column":null}},"type":"binary-expr","locations":[{"start":{"line":47,"column":22},"end":{"line":47,"column":36}},{"start":{"line":47,"column":36},"end":{"line":47,"column":null}},{"start":{"line":48,"column":22},"end":{"line":49,"column":null}}],"line":47},"2":{"loc":{"start":{"line":49,"column":37},"end":{"line":49,"column":null}},"type":"cond-expr","locations":[{"start":{"line":49,"column":48},"end":{"line":49,"column":67}},{"start":{"line":49,"column":67},"end":{"line":49,"column":null}}],"line":49},"3":{"loc":{"start":{"line":53,"column":19},"end":{"line":54,"column":null}},"type":"binary-expr","locations":[{"start":{"line":53,"column":19},"end":{"line":53,"column":null}},{"start":{"line":54,"column":20},"end":{"line":54,"column":null}}],"line":53},"4":{"loc":{"start":{"line":56,"column":19},"end":{"line":58,"column":null}},"type":"binary-expr","locations":[{"start":{"line":56,"column":19},"end":{"line":56,"column":null}},{"start":{"line":57,"column":20},"end":{"line":58,"column":null}}],"line":56}},"s":{"0":4,"1":4,"2":4,"3":2,"4":1,"5":2,"6":4,"7":1},"f":{"0":4,"1":2,"2":1,"3":2,"4":1},"b":{"0":[2,2],"1":[1,0,1],"2":[1,0],"3":[1,1],"4":[1,1]},"meta":{"lastBranch":5,"lastFunction":5,"lastStatement":8,"seen":{"f:6:24:6:39":0,"s:7:16:7:56":0,"s:8:18:8:46":1,"s:10:2:12:Infinity":2,"f:10:2:10:18":1,"s:11:4:11:Infinity":3,"f:11:34:11:46":2,"s:11:46:11:58":4,"f:11:60:11:74":3,"s:11:74:11:91":5,"s:14:2:64:Infinity":6,"b:26:8:30:9:30:8:64:Infinity":0,"f:35:19:35:24":4,"s:36:14:62:Infinity":7,"b:47:22:47:36:47:36:47:Infinity:48:22:49:Infinity":1,"b:49:48:49:67:49:67:49:Infinity":2,"b:53:19:53:Infinity:54:20:54:Infinity":3,"b:56:19:56:Infinity:57:20:58:Infinity":4}}}
}
